Removed Pin From Net: NetName=NetQ1_30 Pin=R1-1
Removed Pin From Net: NetName=NetQ1_30 Pin=T1-8
Added Pin To Net: NetName=GND Pin=T2-6
Added Pin To Net: NetName=GND Pin=T3-4
Added Pin To Net: NetName=NetQ1_23 Pin=Q1-23
Added Pin To Net: NetName=NetQ1_23 Pin=T1-5
Added Pin To Net: NetName=NetQ1_23 Pin=T2-2
Added Pin To Net: NetName=NetQ1_23 Pin=T3-2
Added Net: Name=NetQ1_23
Added Pin To Net: NetName=NetQ1_24 Pin=Q1-24
Added Pin To Net: NetName=NetQ1_24 Pin=T1-6
Added Pin To Net: NetName=NetQ1_24 Pin=T2-3
Added Pin To Net: NetName=NetQ1_24 Pin=T3-3
Added Net: Name=NetQ1_24
Added Pin To Net: NetName=NetQ1_27 Pin=Q1-27
Added Pin To Net: NetName=NetQ1_27 Pin=R1-1
Added Pin To Net: NetName=NetQ1_27 Pin=T1-8
Added Pin To Net: NetName=NetQ1_27 Pin=T2-1
Added Pin To Net: NetName=NetQ1_27 Pin=T3-5
Added Net: Name=NetQ1_27
